{"/Users/znager/turing/4module/projects/koroibos/app.js": {"path":"/Users/znager/turing/4module/projects/koroibos/app.js","statementMap":{"0":{"start":{"line":1,"column":14},"end":{"line":1,"column":32}},"1":{"start":{"line":2,"column":11},"end":{"line":2,"column":26}},"2":{"start":{"line":3,"column":19},"end":{"line":3,"column":43}},"3":{"start":{"line":4,"column":13},"end":{"line":4,"column":30}},"4":{"start":{"line":6,"column":18},"end":{"line":6,"column":43}},"5":{"start":{"line":7,"column":22},"end":{"line":7,"column":58}},"6":{"start":{"line":8,"column":26},"end":{"line":8,"column":67}},"7":{"start":{"line":9,"column":19},"end":{"line":9,"column":52}},"8":{"start":{"line":11,"column":10},"end":{"line":11,"column":19}},"9":{"start":{"line":13,"column":0},"end":{"line":13,"column":23}},"10":{"start":{"line":14,"column":0},"end":{"line":14,"column":24}},"11":{"start":{"line":15,"column":0},"end":{"line":15,"column":49}},"12":{"start":{"line":16,"column":0},"end":{"line":16,"column":24}},"13":{"start":{"line":17,"column":0},"end":{"line":17,"column":56}},"14":{"start":{"line":19,"column":0},"end":{"line":19,"column":26}},"15":{"start":{"line":20,"column":0},"end":{"line":20,"column":45}},"16":{"start":{"line":21,"column":0},"end":{"line":21,"column":54}},"17":{"start":{"line":22,"column":0},"end":{"line":22,"column":39}},"18":{"start":{"line":24,"column":0},"end":{"line":24,"column":21}}},"fnMap":{},"branchMap":{},"s":{"0":8,"1":8,"2":8,"3":8,"4":8,"5":8,"6":8,"7":8,"8":8,"9":8,"10":8,"11":8,"12":8,"13":8,"14":8,"15":8,"16":8,"17":8,"18":8},"f":{},"b":{},"_coverageSchema":"43e27e138ebf9cfc5966b082cf9a028302ed4184","hash":"f4ec739bf3b97d41a10e3e1c987ce852380d6c29"}
,"/Users/znager/turing/4module/projects/koroibos/models/athelete.js": {"path":"/Users/znager/turing/4module/projects/koroibos/models/athelete.js","statementMap":{"0":{"start":{"line":2,"column":0},"end":{"line":16,"column":2}},"1":{"start":{"line":3,"column":19},"end":{"line":9,"column":8}},"2":{"start":{"line":10,"column":2},"end":{"line":14,"column":4}},"3":{"start":{"line":11,"column":4},"end":{"line":11,"column":43}},"4":{"start":{"line":12,"column":4},"end":{"line":12,"column":75}},"5":{"start":{"line":13,"column":4},"end":{"line":13,"column":36}},"6":{"start":{"line":15,"column":2},"end":{"line":15,"column":18}}},"fnMap":{"0":{"name":"(anonymous_0)","decl":{"start":{"line":2,"column":17},"end":{"line":2,"column":18}},"loc":{"start":{"line":2,"column":43},"end":{"line":16,"column":1}},"line":2},"1":{"name":"(anonymous_1)","decl":{"start":{"line":10,"column":23},"end":{"line":10,"column":24}},"loc":{"start":{"line":10,"column":40},"end":{"line":14,"column":3}},"line":10}},"branchMap":{},"s":{"0":8,"1":8,"2":8,"3":8,"4":8,"5":8,"6":8},"f":{"0":8,"1":8},"b":{},"_coverageSchema":"43e27e138ebf9cfc5966b082cf9a028302ed4184","hash":"c6d2d40d32f8b02c5022f2209f8ccfb941a9a4e1"}
,"/Users/znager/turing/4module/projects/koroibos/models/event.js": {"path":"/Users/znager/turing/4module/projects/koroibos/models/event.js","statementMap":{"0":{"start":{"line":2,"column":0},"end":{"line":12,"column":2}},"1":{"start":{"line":3,"column":16},"end":{"line":5,"column":8}},"2":{"start":{"line":6,"column":2},"end":{"line":10,"column":4}},"3":{"start":{"line":7,"column":4},"end":{"line":7,"column":39}},"4":{"start":{"line":8,"column":4},"end":{"line":8,"column":76}},"5":{"start":{"line":9,"column":4},"end":{"line":9,"column":33}},"6":{"start":{"line":11,"column":2},"end":{"line":11,"column":15}}},"fnMap":{"0":{"name":"(anonymous_0)","decl":{"start":{"line":2,"column":17},"end":{"line":2,"column":18}},"loc":{"start":{"line":2,"column":43},"end":{"line":12,"column":1}},"line":2},"1":{"name":"(anonymous_1)","decl":{"start":{"line":6,"column":20},"end":{"line":6,"column":21}},"loc":{"start":{"line":6,"column":37},"end":{"line":10,"column":3}},"line":6}},"branchMap":{},"s":{"0":8,"1":8,"2":8,"3":8,"4":8,"5":8,"6":8},"f":{"0":8,"1":8},"b":{},"_coverageSchema":"43e27e138ebf9cfc5966b082cf9a028302ed4184","hash":"3c1f8989b6a8d5bc33e46f8cf1b51318079192f8"}
,"/Users/znager/turing/4module/projects/koroibos/models/eventathelete.js": {"path":"/Users/znager/turing/4module/projects/koroibos/models/eventathelete.js","statementMap":{"0":{"start":{"line":2,"column":0},"end":{"line":13,"column":2}},"1":{"start":{"line":3,"column":24},"end":{"line":7,"column":8}},"2":{"start":{"line":8,"column":2},"end":{"line":11,"column":4}},"3":{"start":{"line":9,"column":4},"end":{"line":9,"column":42}},"4":{"start":{"line":10,"column":4},"end":{"line":10,"column":45}},"5":{"start":{"line":12,"column":2},"end":{"line":12,"column":23}}},"fnMap":{"0":{"name":"(anonymous_0)","decl":{"start":{"line":2,"column":17},"end":{"line":2,"column":18}},"loc":{"start":{"line":2,"column":43},"end":{"line":13,"column":1}},"line":2},"1":{"name":"(anonymous_1)","decl":{"start":{"line":8,"column":28},"end":{"line":8,"column":29}},"loc":{"start":{"line":8,"column":45},"end":{"line":11,"column":3}},"line":8}},"branchMap":{},"s":{"0":8,"1":8,"2":8,"3":8,"4":8,"5":8},"f":{"0":8,"1":8},"b":{},"_coverageSchema":"43e27e138ebf9cfc5966b082cf9a028302ed4184","hash":"d55474049c812338ae828e7f898c52831e721cf5"}
,"/Users/znager/turing/4module/projects/koroibos/models/index.js": {"path":"/Users/znager/turing/4module/projects/koroibos/models/index.js","statementMap":{"0":{"start":{"line":3,"column":11},"end":{"line":3,"column":24}},"1":{"start":{"line":4,"column":13},"end":{"line":4,"column":28}},"2":{"start":{"line":5,"column":18},"end":{"line":5,"column":38}},"3":{"start":{"line":6,"column":17},"end":{"line":6,"column":42}},"4":{"start":{"line":7,"column":12},"end":{"line":7,"column":49}},"5":{"start":{"line":8,"column":15},"end":{"line":8,"column":65}},"6":{"start":{"line":9,"column":11},"end":{"line":9,"column":13}},"7":{"start":{"line":12,"column":0},"end":{"line":16,"column":1}},"8":{"start":{"line":13,"column":2},"end":{"line":13,"column":74}},"9":{"start":{"line":15,"column":2},"end":{"line":15,"column":87}},"10":{"start":{"line":18,"column":0},"end":{"line":26,"column":5}},"11":{"start":{"line":21,"column":4},"end":{"line":21,"column":90}},"12":{"start":{"line":24,"column":18},"end":{"line":24,"column":65}},"13":{"start":{"line":25,"column":4},"end":{"line":25,"column":27}},"14":{"start":{"line":28,"column":0},"end":{"line":32,"column":3}},"15":{"start":{"line":29,"column":2},"end":{"line":31,"column":3}},"16":{"start":{"line":30,"column":4},"end":{"line":30,"column":32}},"17":{"start":{"line":34,"column":0},"end":{"line":34,"column":25}},"18":{"start":{"line":35,"column":0},"end":{"line":35,"column":25}},"19":{"start":{"line":37,"column":0},"end":{"line":37,"column":20}}},"fnMap":{"0":{"name":"(anonymous_0)","decl":{"start":{"line":20,"column":10},"end":{"line":20,"column":11}},"loc":{"start":{"line":20,"column":18},"end":{"line":22,"column":3}},"line":20},"1":{"name":"(anonymous_1)","decl":{"start":{"line":23,"column":11},"end":{"line":23,"column":12}},"loc":{"start":{"line":23,"column":19},"end":{"line":26,"column":3}},"line":23},"2":{"name":"(anonymous_2)","decl":{"start":{"line":28,"column":24},"end":{"line":28,"column":25}},"loc":{"start":{"line":28,"column":37},"end":{"line":32,"column":1}},"line":28}},"branchMap":{"0":{"loc":{"start":{"line":7,"column":12},"end":{"line":7,"column":49}},"type":"binary-expr","locations":[{"start":{"line":7,"column":12},"end":{"line":7,"column":32}},{"start":{"line":7,"column":36},"end":{"line":7,"column":49}}],"line":7},"1":{"loc":{"start":{"line":12,"column":0},"end":{"line":16,"column":1}},"type":"if","locations":[{"start":{"line":12,"column":0},"end":{"line":16,"column":1}},{"start":{"line":12,"column":0},"end":{"line":16,"column":1}}],"line":12},"2":{"loc":{"start":{"line":21,"column":11},"end":{"line":21,"column":89}},"type":"binary-expr","locations":[{"start":{"line":21,"column":12},"end":{"line":21,"column":35}},{"start":{"line":21,"column":41},"end":{"line":21,"column":58}},{"start":{"line":21,"column":64},"end":{"line":21,"column":88}}],"line":21},"3":{"loc":{"start":{"line":29,"column":2},"end":{"line":31,"column":3}},"type":"if","locations":[{"start":{"line":29,"column":2},"end":{"line":31,"column":3}},{"start":{"line":29,"column":2},"end":{"line":31,"column":3}}],"line":29}},"s":{"0":8,"1":8,"2":8,"3":8,"4":8,"5":8,"6":8,"7":8,"8":0,"9":8,"10":8,"11":48,"12":40,"13":40,"14":8,"15":40,"16":40,"17":8,"18":8,"19":8},"f":{"0":48,"1":40,"2":40},"b":{"0":[8,0],"1":[0,8],"2":[48,48,40],"3":[40,0]},"_coverageSchema":"43e27e138ebf9cfc5966b082cf9a028302ed4184","hash":"f6a914a429ac408a31f7cab5eb06205a8ede6b96"}
,"/Users/znager/turing/4module/projects/koroibos/models/sport.js": {"path":"/Users/znager/turing/4module/projects/koroibos/models/sport.js","statementMap":{"0":{"start":{"line":2,"column":0},"end":{"line":10,"column":2}},"1":{"start":{"line":3,"column":16},"end":{"line":5,"column":8}},"2":{"start":{"line":6,"column":2},"end":{"line":8,"column":4}},"3":{"start":{"line":7,"column":4},"end":{"line":7,"column":31}},"4":{"start":{"line":9,"column":2},"end":{"line":9,"column":15}}},"fnMap":{"0":{"name":"(anonymous_0)","decl":{"start":{"line":2,"column":17},"end":{"line":2,"column":18}},"loc":{"start":{"line":2,"column":43},"end":{"line":10,"column":1}},"line":2},"1":{"name":"(anonymous_1)","decl":{"start":{"line":6,"column":20},"end":{"line":6,"column":21}},"loc":{"start":{"line":6,"column":37},"end":{"line":8,"column":3}},"line":6}},"branchMap":{},"s":{"0":8,"1":8,"2":8,"3":8,"4":8},"f":{"0":8,"1":8},"b":{},"_coverageSchema":"43e27e138ebf9cfc5966b082cf9a028302ed4184","hash":"ac6b230c954ea05bd84206962f60d0509b1e1da3"}
,"/Users/znager/turing/4module/projects/koroibos/models/team.js": {"path":"/Users/znager/turing/4module/projects/koroibos/models/team.js","statementMap":{"0":{"start":{"line":2,"column":0},"end":{"line":10,"column":2}},"1":{"start":{"line":3,"column":15},"end":{"line":5,"column":8}},"2":{"start":{"line":6,"column":2},"end":{"line":8,"column":4}},"3":{"start":{"line":7,"column":4},"end":{"line":7,"column":33}},"4":{"start":{"line":9,"column":2},"end":{"line":9,"column":14}}},"fnMap":{"0":{"name":"(anonymous_0)","decl":{"start":{"line":2,"column":17},"end":{"line":2,"column":18}},"loc":{"start":{"line":2,"column":43},"end":{"line":10,"column":1}},"line":2},"1":{"name":"(anonymous_1)","decl":{"start":{"line":6,"column":19},"end":{"line":6,"column":20}},"loc":{"start":{"line":6,"column":36},"end":{"line":8,"column":3}},"line":6}},"branchMap":{},"s":{"0":8,"1":8,"2":8,"3":8,"4":8},"f":{"0":8,"1":8},"b":{},"_coverageSchema":"43e27e138ebf9cfc5966b082cf9a028302ed4184","hash":"22b1e69ffe352381cf3035f147433b07a732890e"}
,"/Users/znager/turing/4module/projects/koroibos/routes/index.js": {"path":"/Users/znager/turing/4module/projects/koroibos/routes/index.js","statementMap":{"0":{"start":{"line":1,"column":14},"end":{"line":1,"column":32}},"1":{"start":{"line":2,"column":13},"end":{"line":2,"column":29}},"2":{"start":{"line":5,"column":0},"end":{"line":7,"column":3}},"3":{"start":{"line":6,"column":2},"end":{"line":6,"column":44}},"4":{"start":{"line":9,"column":0},"end":{"line":9,"column":24}}},"fnMap":{"0":{"name":"(anonymous_0)","decl":{"start":{"line":5,"column":16},"end":{"line":5,"column":17}},"loc":{"start":{"line":5,"column":41},"end":{"line":7,"column":1}},"line":5}},"branchMap":{},"s":{"0":8,"1":8,"2":8,"3":0,"4":8},"f":{"0":0},"b":{},"_coverageSchema":"43e27e138ebf9cfc5966b082cf9a028302ed4184","hash":"374b8bdad291a657c8f7d57549bf07293de507b0"}
,"/Users/znager/turing/4module/projects/koroibos/routes/api/v1/events.js": {"path":"/Users/znager/turing/4module/projects/koroibos/routes/api/v1/events.js","statementMap":{"0":{"start":{"line":1,"column":14},"end":{"line":1,"column":32}},"1":{"start":{"line":2,"column":13},"end":{"line":2,"column":29}},"2":{"start":{"line":3,"column":12},"end":{"line":3,"column":44}},"3":{"start":{"line":4,"column":12},"end":{"line":4,"column":44}},"4":{"start":{"line":5,"column":15},"end":{"line":5,"column":50}},"5":{"start":{"line":6,"column":11},"end":{"line":6,"column":42}},"6":{"start":{"line":7,"column":20},"end":{"line":7,"column":60}},"7":{"start":{"line":8,"column":18},"end":{"line":8,"column":38}},"8":{"start":{"line":9,"column":11},"end":{"line":9,"column":23}},"9":{"start":{"line":11,"column":0},"end":{"line":21,"column":3}},"10":{"start":{"line":12,"column":2},"end":{"line":12,"column":52}},"11":{"start":{"line":13,"column":2},"end":{"line":20,"column":5}},"12":{"start":{"line":15,"column":17},"end":{"line":15,"column":33}},"13":{"start":{"line":16,"column":4},"end":{"line":16,"column":49}},"14":{"start":{"line":19,"column":4},"end":{"line":19,"column":40}},"15":{"start":{"line":23,"column":0},"end":{"line":32,"column":3}},"16":{"start":{"line":24,"column":2},"end":{"line":24,"column":52}},"17":{"start":{"line":25,"column":2},"end":{"line":31,"column":5}},"18":{"start":{"line":27,"column":4},"end":{"line":27,"column":48}},"19":{"start":{"line":30,"column":4},"end":{"line":30,"column":40}},"20":{"start":{"line":35,"column":2},"end":{"line":64,"column":4}},"21":{"start":{"line":36,"column":4},"end":{"line":63,"column":7}},"22":{"start":{"line":47,"column":6},"end":{"line":56,"column":8}},"23":{"start":{"line":48,"column":21},"end":{"line":50,"column":10}},"24":{"start":{"line":49,"column":10},"end":{"line":49,"column":27}},"25":{"start":{"line":51,"column":29},"end":{"line":54,"column":9}},"26":{"start":{"line":55,"column":8},"end":{"line":55,"column":29}},"27":{"start":{"line":59,"column":6},"end":{"line":59,"column":21}},"28":{"start":{"line":62,"column":6},"end":{"line":62,"column":19}},"29":{"start":{"line":68,"column":2},"end":{"line":117,"column":4}},"30":{"start":{"line":69,"column":4},"end":{"line":116,"column":7}},"31":{"start":{"line":96,"column":22},"end":{"line":104,"column":8}},"32":{"start":{"line":97,"column":23},"end":{"line":102,"column":9}},"33":{"start":{"line":103,"column":8},"end":{"line":103,"column":23}},"34":{"start":{"line":105,"column":27},"end":{"line":108,"column":7}},"35":{"start":{"line":109,"column":6},"end":{"line":109,"column":27}},"36":{"start":{"line":112,"column":6},"end":{"line":112,"column":20}},"37":{"start":{"line":115,"column":6},"end":{"line":115,"column":19}},"38":{"start":{"line":120,"column":0},"end":{"line":120,"column":24}}},"fnMap":{"0":{"name":"(anonymous_0)","decl":{"start":{"line":11,"column":16},"end":{"line":11,"column":17}},"loc":{"start":{"line":11,"column":47},"end":{"line":21,"column":1}},"line":11},"1":{"name":"(anonymous_1)","decl":{"start":{"line":14,"column":8},"end":{"line":14,"column":9}},"loc":{"start":{"line":14,"column":18},"end":{"line":17,"column":3}},"line":14},"2":{"name":"(anonymous_2)","decl":{"start":{"line":18,"column":9},"end":{"line":18,"column":10}},"loc":{"start":{"line":18,"column":18},"end":{"line":20,"column":3}},"line":18},"3":{"name":"(anonymous_3)","decl":{"start":{"line":23,"column":29},"end":{"line":23,"column":30}},"loc":{"start":{"line":23,"column":60},"end":{"line":32,"column":1}},"line":23},"4":{"name":"(anonymous_4)","decl":{"start":{"line":26,"column":8},"end":{"line":26,"column":9}},"loc":{"start":{"line":26,"column":17},"end":{"line":28,"column":3}},"line":26},"5":{"name":"(anonymous_5)","decl":{"start":{"line":29,"column":9},"end":{"line":29,"column":10}},"loc":{"start":{"line":29,"column":18},"end":{"line":31,"column":3}},"line":29},"6":{"name":"eventsBySport","decl":{"start":{"line":34,"column":9},"end":{"line":34,"column":22}},"loc":{"start":{"line":34,"column":25},"end":{"line":65,"column":1}},"line":34},"7":{"name":"(anonymous_7)","decl":{"start":{"line":35,"column":21},"end":{"line":35,"column":22}},"loc":{"start":{"line":35,"column":42},"end":{"line":64,"column":3}},"line":35},"8":{"name":"(anonymous_8)","decl":{"start":{"line":46,"column":10},"end":{"line":46,"column":11}},"loc":{"start":{"line":46,"column":20},"end":{"line":57,"column":5}},"line":46},"9":{"name":"(anonymous_9)","decl":{"start":{"line":47,"column":24},"end":{"line":47,"column":25}},"loc":{"start":{"line":47,"column":33},"end":{"line":56,"column":7}},"line":47},"10":{"name":"(anonymous_10)","decl":{"start":{"line":48,"column":38},"end":{"line":48,"column":39}},"loc":{"start":{"line":48,"column":47},"end":{"line":50,"column":9}},"line":48},"11":{"name":"(anonymous_11)","decl":{"start":{"line":58,"column":10},"end":{"line":58,"column":11}},"loc":{"start":{"line":58,"column":20},"end":{"line":60,"column":5}},"line":58},"12":{"name":"(anonymous_12)","decl":{"start":{"line":61,"column":11},"end":{"line":61,"column":12}},"loc":{"start":{"line":61,"column":20},"end":{"line":63,"column":5}},"line":61},"13":{"name":"eventMedalists","decl":{"start":{"line":67,"column":9},"end":{"line":67,"column":23}},"loc":{"start":{"line":67,"column":28},"end":{"line":118,"column":1}},"line":67},"14":{"name":"(anonymous_14)","decl":{"start":{"line":68,"column":21},"end":{"line":68,"column":22}},"loc":{"start":{"line":68,"column":42},"end":{"line":117,"column":3}},"line":68},"15":{"name":"(anonymous_15)","decl":{"start":{"line":95,"column":10},"end":{"line":95,"column":11}},"loc":{"start":{"line":95,"column":19},"end":{"line":110,"column":5}},"line":95},"16":{"name":"(anonymous_16)","decl":{"start":{"line":96,"column":47},"end":{"line":96,"column":48}},"loc":{"start":{"line":96,"column":53},"end":{"line":104,"column":7}},"line":96},"17":{"name":"(anonymous_17)","decl":{"start":{"line":111,"column":10},"end":{"line":111,"column":11}},"loc":{"start":{"line":111,"column":19},"end":{"line":113,"column":5}},"line":111},"18":{"name":"(anonymous_18)","decl":{"start":{"line":114,"column":11},"end":{"line":114,"column":12}},"loc":{"start":{"line":114,"column":20},"end":{"line":116,"column":5}},"line":114}},"branchMap":{},"s":{"0":8,"1":8,"2":8,"3":8,"4":8,"5":8,"6":8,"7":8,"8":8,"9":8,"10":1,"11":1,"12":1,"13":1,"14":0,"15":8,"16":1,"17":1,"18":1,"19":0,"20":1,"21":1,"22":1,"23":6,"24":11,"25":6,"26":6,"27":1,"28":0,"29":1,"30":1,"31":1,"32":1,"33":1,"34":1,"35":1,"36":1,"37":0,"38":8},"f":{"0":1,"1":1,"2":0,"3":1,"4":1,"5":0,"6":1,"7":1,"8":1,"9":6,"10":11,"11":1,"12":0,"13":1,"14":1,"15":1,"16":1,"17":1,"18":0},"b":{},"_coverageSchema":"43e27e138ebf9cfc5966b082cf9a028302ed4184","hash":"d30ec62d8789d422a421ff54ffacc48dc6d64aa5"}
,"/Users/znager/turing/4module/projects/koroibos/routes/api/v1/olympian_stats.js": {"path":"/Users/znager/turing/4module/projects/koroibos/routes/api/v1/olympian_stats.js","statementMap":{"0":{"start":{"line":1,"column":14},"end":{"line":1,"column":32}},"1":{"start":{"line":2,"column":13},"end":{"line":2,"column":29}},"2":{"start":{"line":3,"column":15},"end":{"line":3,"column":50}},"3":{"start":{"line":4,"column":18},"end":{"line":4,"column":38}},"4":{"start":{"line":6,"column":0},"end":{"line":24,"column":3}},"5":{"start":{"line":7,"column":2},"end":{"line":7,"column":52}},"6":{"start":{"line":8,"column":14},"end":{"line":8,"column":35}},"7":{"start":{"line":9,"column":19},"end":{"line":9,"column":40}},"8":{"start":{"line":10,"column":21},"end":{"line":10,"column":44}},"9":{"start":{"line":11,"column":12},"end":{"line":11,"column":26}},"10":{"start":{"line":12,"column":14},"end":{"line":22,"column":3}},"11":{"start":{"line":23,"column":2},"end":{"line":23,"column":46}},"12":{"start":{"line":26,"column":22},"end":{"line":29,"column":1}},"13":{"start":{"line":27,"column":14},"end":{"line":27,"column":38}},"14":{"start":{"line":28,"column":2},"end":{"line":28,"column":27}},"15":{"start":{"line":32,"column":2},"end":{"line":43,"column":4}},"16":{"start":{"line":33,"column":4},"end":{"line":42,"column":6}},"17":{"start":{"line":38,"column":6},"end":{"line":38,"column":56}},"18":{"start":{"line":41,"column":6},"end":{"line":41,"column":19}},"19":{"start":{"line":47,"column":2},"end":{"line":58,"column":4}},"20":{"start":{"line":48,"column":4},"end":{"line":57,"column":6}},"21":{"start":{"line":53,"column":6},"end":{"line":53,"column":56}},"22":{"start":{"line":56,"column":6},"end":{"line":56,"column":19}},"23":{"start":{"line":62,"column":2},"end":{"line":72,"column":4}},"24":{"start":{"line":63,"column":4},"end":{"line":71,"column":6}},"25":{"start":{"line":67,"column":6},"end":{"line":67,"column":50}},"26":{"start":{"line":70,"column":6},"end":{"line":70,"column":19}},"27":{"start":{"line":76,"column":0},"end":{"line":76,"column":24}}},"fnMap":{"0":{"name":"(anonymous_0)","decl":{"start":{"line":6,"column":16},"end":{"line":6,"column":17}},"loc":{"start":{"line":6,"column":47},"end":{"line":24,"column":1}},"line":6},"1":{"name":"(anonymous_1)","decl":{"start":{"line":26,"column":22},"end":{"line":26,"column":23}},"loc":{"start":{"line":26,"column":34},"end":{"line":29,"column":1}},"line":26},"2":{"name":"avgMaleWeight","decl":{"start":{"line":31,"column":9},"end":{"line":31,"column":22}},"loc":{"start":{"line":31,"column":25},"end":{"line":44,"column":1}},"line":31},"3":{"name":"(anonymous_3)","decl":{"start":{"line":32,"column":21},"end":{"line":32,"column":22}},"loc":{"start":{"line":32,"column":42},"end":{"line":43,"column":3}},"line":32},"4":{"name":"(anonymous_4)","decl":{"start":{"line":37,"column":10},"end":{"line":37,"column":11}},"loc":{"start":{"line":37,"column":23},"end":{"line":39,"column":5}},"line":37},"5":{"name":"(anonymous_5)","decl":{"start":{"line":40,"column":11},"end":{"line":40,"column":12}},"loc":{"start":{"line":40,"column":20},"end":{"line":42,"column":5}},"line":40},"6":{"name":"avgFemaleWeight","decl":{"start":{"line":46,"column":9},"end":{"line":46,"column":24}},"loc":{"start":{"line":46,"column":27},"end":{"line":59,"column":1}},"line":46},"7":{"name":"(anonymous_7)","decl":{"start":{"line":47,"column":21},"end":{"line":47,"column":22}},"loc":{"start":{"line":47,"column":42},"end":{"line":58,"column":3}},"line":47},"8":{"name":"(anonymous_8)","decl":{"start":{"line":52,"column":10},"end":{"line":52,"column":11}},"loc":{"start":{"line":52,"column":23},"end":{"line":54,"column":5}},"line":52},"9":{"name":"(anonymous_9)","decl":{"start":{"line":55,"column":11},"end":{"line":55,"column":12}},"loc":{"start":{"line":55,"column":20},"end":{"line":57,"column":5}},"line":55},"10":{"name":"avgAge","decl":{"start":{"line":61,"column":9},"end":{"line":61,"column":15}},"loc":{"start":{"line":61,"column":18},"end":{"line":73,"column":1}},"line":61},"11":{"name":"(anonymous_11)","decl":{"start":{"line":62,"column":21},"end":{"line":62,"column":22}},"loc":{"start":{"line":62,"column":42},"end":{"line":72,"column":3}},"line":62},"12":{"name":"(anonymous_12)","decl":{"start":{"line":66,"column":10},"end":{"line":66,"column":11}},"loc":{"start":{"line":66,"column":20},"end":{"line":68,"column":5}},"line":66},"13":{"name":"(anonymous_13)","decl":{"start":{"line":69,"column":11},"end":{"line":69,"column":12}},"loc":{"start":{"line":69,"column":20},"end":{"line":71,"column":5}},"line":69}},"branchMap":{},"s":{"0":8,"1":8,"2":8,"3":8,"4":8,"5":1,"6":1,"7":1,"8":1,"9":1,"10":1,"11":1,"12":8,"13":1,"14":1,"15":1,"16":1,"17":1,"18":0,"19":1,"20":1,"21":1,"22":0,"23":1,"24":1,"25":1,"26":0,"27":8},"f":{"0":1,"1":1,"2":1,"3":1,"4":1,"5":0,"6":1,"7":1,"8":1,"9":0,"10":1,"11":1,"12":1,"13":0},"b":{},"_coverageSchema":"43e27e138ebf9cfc5966b082cf9a028302ed4184","hash":"75abd4bf17eb654ca81ada10a82b5b3d28302f8f"}
,"/Users/znager/turing/4module/projects/koroibos/routes/api/v1/olympians.js": {"path":"/Users/znager/turing/4module/projects/koroibos/routes/api/v1/olympians.js","statementMap":{"0":{"start":{"line":1,"column":14},"end":{"line":1,"column":32}},"1":{"start":{"line":2,"column":13},"end":{"line":2,"column":29}},"2":{"start":{"line":3,"column":15},"end":{"line":3,"column":50}},"3":{"start":{"line":4,"column":11},"end":{"line":4,"column":42}},"4":{"start":{"line":5,"column":12},"end":{"line":5,"column":44}},"5":{"start":{"line":6,"column":20},"end":{"line":6,"column":60}},"6":{"start":{"line":7,"column":12},"end":{"line":7,"column":44}},"7":{"start":{"line":8,"column":18},"end":{"line":8,"column":38}},"8":{"start":{"line":9,"column":11},"end":{"line":9,"column":23}},"9":{"start":{"line":11,"column":0},"end":{"line":37,"column":3}},"10":{"start":{"line":12,"column":2},"end":{"line":12,"column":52}},"11":{"start":{"line":13,"column":2},"end":{"line":36,"column":5}},"12":{"start":{"line":15,"column":4},"end":{"line":31,"column":5}},"13":{"start":{"line":16,"column":6},"end":{"line":28,"column":7}},"14":{"start":{"line":17,"column":8},"end":{"line":25,"column":9}},"15":{"start":{"line":18,"column":34},"end":{"line":18,"column":48}},"16":{"start":{"line":19,"column":23},"end":{"line":19,"column":42}},"17":{"start":{"line":20,"column":14},"end":{"line":25,"column":9}},"18":{"start":{"line":21,"column":32},"end":{"line":21,"column":63}},"19":{"start":{"line":22,"column":23},"end":{"line":22,"column":40}},"20":{"start":{"line":24,"column":10},"end":{"line":24,"column":57}},"21":{"start":{"line":27,"column":8},"end":{"line":27,"column":55}},"22":{"start":{"line":30,"column":19},"end":{"line":30,"column":41}},"23":{"start":{"line":32,"column":4},"end":{"line":32,"column":49}},"24":{"start":{"line":35,"column":4},"end":{"line":35,"column":40}},"25":{"start":{"line":40,"column":2},"end":{"line":83,"column":4}},"26":{"start":{"line":41,"column":4},"end":{"line":82,"column":7}},"27":{"start":{"line":66,"column":6},"end":{"line":75,"column":8}},"28":{"start":{"line":67,"column":32},"end":{"line":73,"column":9}},"29":{"start":{"line":74,"column":8},"end":{"line":74,"column":32}},"30":{"start":{"line":78,"column":6},"end":{"line":78,"column":24}},"31":{"start":{"line":81,"column":6},"end":{"line":81,"column":19}},"32":{"start":{"line":86,"column":0},"end":{"line":86,"column":24}}},"fnMap":{"0":{"name":"(anonymous_0)","decl":{"start":{"line":11,"column":16},"end":{"line":11,"column":17}},"loc":{"start":{"line":11,"column":47},"end":{"line":37,"column":1}},"line":11},"1":{"name":"(anonymous_1)","decl":{"start":{"line":14,"column":8},"end":{"line":14,"column":9}},"loc":{"start":{"line":14,"column":21},"end":{"line":33,"column":3}},"line":14},"2":{"name":"(anonymous_2)","decl":{"start":{"line":34,"column":9},"end":{"line":34,"column":10}},"loc":{"start":{"line":34,"column":18},"end":{"line":36,"column":3}},"line":34},"3":{"name":"findAllAtheletes","decl":{"start":{"line":39,"column":9},"end":{"line":39,"column":25}},"loc":{"start":{"line":39,"column":28},"end":{"line":84,"column":1}},"line":39},"4":{"name":"(anonymous_4)","decl":{"start":{"line":40,"column":21},"end":{"line":40,"column":22}},"loc":{"start":{"line":40,"column":42},"end":{"line":83,"column":3}},"line":40},"5":{"name":"(anonymous_5)","decl":{"start":{"line":65,"column":10},"end":{"line":65,"column":11}},"loc":{"start":{"line":65,"column":23},"end":{"line":76,"column":5}},"line":65},"6":{"name":"(anonymous_6)","decl":{"start":{"line":66,"column":27},"end":{"line":66,"column":28}},"loc":{"start":{"line":66,"column":39},"end":{"line":75,"column":7}},"line":66},"7":{"name":"(anonymous_7)","decl":{"start":{"line":77,"column":10},"end":{"line":77,"column":11}},"loc":{"start":{"line":77,"column":23},"end":{"line":79,"column":5}},"line":77},"8":{"name":"(anonymous_8)","decl":{"start":{"line":80,"column":11},"end":{"line":80,"column":12}},"loc":{"start":{"line":80,"column":20},"end":{"line":82,"column":5}},"line":80}},"branchMap":{"0":{"loc":{"start":{"line":15,"column":4},"end":{"line":31,"column":5}},"type":"if","locations":[{"start":{"line":15,"column":4},"end":{"line":31,"column":5}},{"start":{"line":15,"column":4},"end":{"line":31,"column":5}}],"line":15},"1":{"loc":{"start":{"line":16,"column":6},"end":{"line":28,"column":7}},"type":"if","locations":[{"start":{"line":16,"column":6},"end":{"line":28,"column":7}},{"start":{"line":16,"column":6},"end":{"line":28,"column":7}}],"line":16},"2":{"loc":{"start":{"line":17,"column":8},"end":{"line":25,"column":9}},"type":"if","locations":[{"start":{"line":17,"column":8},"end":{"line":25,"column":9}},{"start":{"line":17,"column":8},"end":{"line":25,"column":9}}],"line":17},"3":{"loc":{"start":{"line":20,"column":14},"end":{"line":25,"column":9}},"type":"if","locations":[{"start":{"line":20,"column":14},"end":{"line":25,"column":9}},{"start":{"line":20,"column":14},"end":{"line":25,"column":9}}],"line":20}},"s":{"0":8,"1":8,"2":8,"3":8,"4":8,"5":8,"6":8,"7":8,"8":8,"9":8,"10":5,"11":5,"12":0,"13":0,"14":0,"15":0,"16":0,"17":0,"18":0,"19":0,"20":0,"21":0,"22":0,"23":0,"24":5,"25":5,"26":5,"27":5,"28":30,"29":25,"30":0,"31":5,"32":8},"f":{"0":5,"1":0,"2":5,"3":5,"4":5,"5":5,"6":30,"7":0,"8":5},"b":{"0":[0,0],"1":[0,0],"2":[0,0],"3":[0,0]},"_coverageSchema":"43e27e138ebf9cfc5966b082cf9a028302ed4184","hash":"55b6323aa8d2692b8cc007b73df7e5f5ca6975fc"}
,"/Users/znager/turing/4module/projects/koroibos/specs/spec_helper.js": {"path":"/Users/znager/turing/4module/projects/koroibos/specs/spec_helper.js","statementMap":{"0":{"start":{"line":1,"column":12},"end":{"line":1,"column":30}},"1":{"start":{"line":3,"column":18},"end":{"line":7,"column":1}},"2":{"start":{"line":4,"column":2},"end":{"line":4,"column":39}},"3":{"start":{"line":5,"column":2},"end":{"line":5,"column":40}},"4":{"start":{"line":6,"column":2},"end":{"line":6,"column":41}},"5":{"start":{"line":9,"column":17},"end":{"line":12,"column":1}},"6":{"start":{"line":10,"column":2},"end":{"line":10,"column":46}},"7":{"start":{"line":11,"column":2},"end":{"line":11,"column":49}},"8":{"start":{"line":14,"column":0},"end":{"line":16,"column":1}}},"fnMap":{"0":{"name":"(anonymous_0)","decl":{"start":{"line":3,"column":18},"end":{"line":3,"column":19}},"loc":{"start":{"line":3,"column":24},"end":{"line":7,"column":1}},"line":3},"1":{"name":"(anonymous_1)","decl":{"start":{"line":9,"column":17},"end":{"line":9,"column":18}},"loc":{"start":{"line":9,"column":23},"end":{"line":12,"column":1}},"line":9}},"branchMap":{},"s":{"0":8,"1":8,"2":8,"3":8,"4":8,"5":8,"6":8,"7":8,"8":8},"f":{"0":8,"1":8},"b":{},"_coverageSchema":"43e27e138ebf9cfc5966b082cf9a028302ed4184","hash":"9596825d188b3089fff4c0e5efa7f92024e0d09f"}
}
