TN:
SF:/Users/znager/turing/4module/projects/koroibos/app.js
FNF:0
FNH:0
DA:1,8
DA:2,8
DA:3,8
DA:4,8
DA:6,8
DA:7,8
DA:8,8
DA:9,8
DA:11,8
DA:13,8
DA:14,8
DA:15,8
DA:16,8
DA:17,8
DA:19,8
DA:20,8
DA:21,8
DA:22,8
DA:24,8
LF:19
LH:19
BRF:0
BRH:0
end_of_record
TN:
SF:/Users/znager/turing/4module/projects/koroibos/models/athelete.js
FN:2,(anonymous_0)
FN:10,(anonymous_1)
FNF:2
FNH:2
FNDA:8,(anonymous_0)
FNDA:8,(anonymous_1)
DA:2,8
DA:3,8
DA:10,8
DA:11,8
DA:12,8
DA:13,8
DA:15,8
LF:7
LH:7
BRF:0
BRH:0
end_of_record
TN:
SF:/Users/znager/turing/4module/projects/koroibos/models/event.js
FN:2,(anonymous_0)
FN:6,(anonymous_1)
FNF:2
FNH:2
FNDA:8,(anonymous_0)
FNDA:8,(anonymous_1)
DA:2,8
DA:3,8
DA:6,8
DA:7,8
DA:8,8
DA:9,8
DA:11,8
LF:7
LH:7
BRF:0
BRH:0
end_of_record
TN:
SF:/Users/znager/turing/4module/projects/koroibos/models/eventathelete.js
FN:2,(anonymous_0)
FN:8,(anonymous_1)
FNF:2
FNH:2
FNDA:8,(anonymous_0)
FNDA:8,(anonymous_1)
DA:2,8
DA:3,8
DA:8,8
DA:9,8
DA:10,8
DA:12,8
LF:6
LH:6
BRF:0
BRH:0
end_of_record
TN:
SF:/Users/znager/turing/4module/projects/koroibos/models/index.js
FN:20,(anonymous_0)
FN:23,(anonymous_1)
FN:28,(anonymous_2)
FNF:3
FNH:3
FNDA:48,(anonymous_0)
FNDA:40,(anonymous_1)
FNDA:40,(anonymous_2)
DA:3,8
DA:4,8
DA:5,8
DA:6,8
DA:7,8
DA:8,8
DA:9,8
DA:12,8
DA:13,0
DA:15,8
DA:18,8
DA:21,48
DA:24,40
DA:25,40
DA:28,8
DA:29,40
DA:30,40
DA:34,8
DA:35,8
DA:37,8
LF:20
LH:19
BRDA:7,0,0,8
BRDA:7,0,1,0
BRDA:12,1,0,0
BRDA:12,1,1,8
BRDA:21,2,0,48
BRDA:21,2,1,48
BRDA:21,2,2,40
BRDA:29,3,0,40
BRDA:29,3,1,0
BRF:9
BRH:6
end_of_record
TN:
SF:/Users/znager/turing/4module/projects/koroibos/models/sport.js
FN:2,(anonymous_0)
FN:6,(anonymous_1)
FNF:2
FNH:2
FNDA:8,(anonymous_0)
FNDA:8,(anonymous_1)
DA:2,8
DA:3,8
DA:6,8
DA:7,8
DA:9,8
LF:5
LH:5
BRF:0
BRH:0
end_of_record
TN:
SF:/Users/znager/turing/4module/projects/koroibos/models/team.js
FN:2,(anonymous_0)
FN:6,(anonymous_1)
FNF:2
FNH:2
FNDA:8,(anonymous_0)
FNDA:8,(anonymous_1)
DA:2,8
DA:3,8
DA:6,8
DA:7,8
DA:9,8
LF:5
LH:5
BRF:0
BRH:0
end_of_record
TN:
SF:/Users/znager/turing/4module/projects/koroibos/routes/index.js
FN:5,(anonymous_0)
FNF:1
FNH:0
FNDA:0,(anonymous_0)
DA:1,8
DA:2,8
DA:5,8
DA:6,0
DA:9,8
LF:5
LH:4
BRF:0
BRH:0
end_of_record
TN:
SF:/Users/znager/turing/4module/projects/koroibos/routes/api/v1/events.js
FN:11,(anonymous_0)
FN:14,(anonymous_1)
FN:18,(anonymous_2)
FN:23,(anonymous_3)
FN:26,(anonymous_4)
FN:29,(anonymous_5)
FN:34,eventsBySport
FN:35,(anonymous_7)
FN:46,(anonymous_8)
FN:47,(anonymous_9)
FN:48,(anonymous_10)
FN:58,(anonymous_11)
FN:61,(anonymous_12)
FN:67,eventMedalists
FN:68,(anonymous_14)
FN:95,(anonymous_15)
FN:96,(anonymous_16)
FN:111,(anonymous_17)
FN:114,(anonymous_18)
FNF:19
FNH:15
FNDA:1,(anonymous_0)
FNDA:1,(anonymous_1)
FNDA:0,(anonymous_2)
FNDA:1,(anonymous_3)
FNDA:1,(anonymous_4)
FNDA:0,(anonymous_5)
FNDA:1,eventsBySport
FNDA:1,(anonymous_7)
FNDA:1,(anonymous_8)
FNDA:6,(anonymous_9)
FNDA:11,(anonymous_10)
FNDA:1,(anonymous_11)
FNDA:0,(anonymous_12)
FNDA:1,eventMedalists
FNDA:1,(anonymous_14)
FNDA:1,(anonymous_15)
FNDA:1,(anonymous_16)
FNDA:1,(anonymous_17)
FNDA:0,(anonymous_18)
DA:1,8
DA:2,8
DA:3,8
DA:4,8
DA:5,8
DA:6,8
DA:7,8
DA:8,8
DA:9,8
DA:11,8
DA:12,1
DA:13,1
DA:15,1
DA:16,1
DA:19,0
DA:23,8
DA:24,1
DA:25,1
DA:27,1
DA:30,0
DA:35,1
DA:36,1
DA:47,1
DA:48,6
DA:49,11
DA:51,6
DA:55,6
DA:59,1
DA:62,0
DA:68,1
DA:69,1
DA:96,1
DA:97,1
DA:103,1
DA:105,1
DA:109,1
DA:112,1
DA:115,0
DA:120,8
LF:39
LH:35
BRF:0
BRH:0
end_of_record
TN:
SF:/Users/znager/turing/4module/projects/koroibos/routes/api/v1/olympian_stats.js
FN:6,(anonymous_0)
FN:26,(anonymous_1)
FN:31,avgMaleWeight
FN:32,(anonymous_3)
FN:37,(anonymous_4)
FN:40,(anonymous_5)
FN:46,avgFemaleWeight
FN:47,(anonymous_7)
FN:52,(anonymous_8)
FN:55,(anonymous_9)
FN:61,avgAge
FN:62,(anonymous_11)
FN:66,(anonymous_12)
FN:69,(anonymous_13)
FNF:14
FNH:11
FNDA:1,(anonymous_0)
FNDA:1,(anonymous_1)
FNDA:1,avgMaleWeight
FNDA:1,(anonymous_3)
FNDA:1,(anonymous_4)
FNDA:0,(anonymous_5)
FNDA:1,avgFemaleWeight
FNDA:1,(anonymous_7)
FNDA:1,(anonymous_8)
FNDA:0,(anonymous_9)
FNDA:1,avgAge
FNDA:1,(anonymous_11)
FNDA:1,(anonymous_12)
FNDA:0,(anonymous_13)
DA:1,8
DA:2,8
DA:3,8
DA:4,8
DA:6,8
DA:7,1
DA:8,1
DA:9,1
DA:10,1
DA:11,1
DA:12,1
DA:23,1
DA:26,8
DA:27,1
DA:28,1
DA:32,1
DA:33,1
DA:38,1
DA:41,0
DA:47,1
DA:48,1
DA:53,1
DA:56,0
DA:62,1
DA:63,1
DA:67,1
DA:70,0
DA:76,8
LF:28
LH:25
BRF:0
BRH:0
end_of_record
TN:
SF:/Users/znager/turing/4module/projects/koroibos/routes/api/v1/olympians.js
FN:11,(anonymous_0)
FN:14,(anonymous_1)
FN:34,(anonymous_2)
FN:39,findAllAtheletes
FN:40,(anonymous_4)
FN:65,(anonymous_5)
FN:66,(anonymous_6)
FN:77,(anonymous_7)
FN:80,(anonymous_8)
FNF:9
FNH:7
FNDA:5,(anonymous_0)
FNDA:0,(anonymous_1)
FNDA:5,(anonymous_2)
FNDA:5,findAllAtheletes
FNDA:5,(anonymous_4)
FNDA:5,(anonymous_5)
FNDA:30,(anonymous_6)
FNDA:0,(anonymous_7)
FNDA:5,(anonymous_8)
DA:1,8
DA:2,8
DA:3,8
DA:4,8
DA:5,8
DA:6,8
DA:7,8
DA:8,8
DA:9,8
DA:11,8
DA:12,5
DA:13,5
DA:15,0
DA:16,0
DA:17,0
DA:18,0
DA:19,0
DA:20,0
DA:21,0
DA:22,0
DA:24,0
DA:27,0
DA:30,0
DA:32,0
DA:35,5
DA:40,5
DA:41,5
DA:66,5
DA:67,30
DA:74,25
DA:78,0
DA:81,5
DA:86,8
LF:33
LH:20
BRDA:15,0,0,0
BRDA:15,0,1,0
BRDA:16,1,0,0
BRDA:16,1,1,0
BRDA:17,2,0,0
BRDA:17,2,1,0
BRDA:20,3,0,0
BRDA:20,3,1,0
BRF:8
BRH:0
end_of_record
TN:
SF:/Users/znager/turing/4module/projects/koroibos/specs/spec_helper.js
FN:3,(anonymous_0)
FN:9,(anonymous_1)
FNF:2
FNH:2
FNDA:8,(anonymous_0)
FNDA:8,(anonymous_1)
DA:1,8
DA:3,8
DA:4,8
DA:5,8
DA:6,8
DA:9,8
DA:10,8
DA:11,8
DA:14,8
LF:9
LH:9
BRF:0
BRH:0
end_of_record
